[debug] [2024-08-23T16:12:41.034Z] ----------------------------------------------------------------------
[debug] [2024-08-23T16:12:41.039Z] Command:       C:\Program Files\nodejs\node.exe C:\Users\dilan\AppData\Roaming\npm\node_modules\firebase-tools\lib\bin\firebase.js init
[debug] [2024-08-23T16:12:41.039Z] CLI Version:   13.15.4
[debug] [2024-08-23T16:12:41.039Z] Platform:      win32
[debug] [2024-08-23T16:12:41.040Z] Node Version:  v20.9.0
[debug] [2024-08-23T16:12:41.040Z] Time:          Fri Aug 23 2024 17:12:41 GMT+0100 (West Africa Standard Time)
[debug] [2024-08-23T16:12:41.040Z] ----------------------------------------------------------------------
[debug] 
[debug] [2024-08-23T16:12:41.044Z] >>> [apiv2][query] GET https://firebase-public.firebaseio.com/cli.json [none]
[debug] [2024-08-23T16:12:41.107Z] > command requires scopes: ["email","openid","https://www.googleapis.com/auth/cloudplatformprojects.readonly","https://www.googleapis.com/auth/firebase","https://www.googleapis.com/auth/cloud-platform"]
[debug] [2024-08-23T16:12:41.107Z] > authorizing via signed-in user (dilanefotio14@gmail.com)
[info] 
     ######## #### ########  ######## ########     ###     ######  ########
     ##        ##  ##     ## ##       ##     ##  ##   ##  ##       ##
     ######    ##  ########  ######   ########  #########  ######  ######
     ##        ##  ##    ##  ##       ##     ## ##     ##       ## ##
     ##       #### ##     ## ######## ########  ##     ##  ######  ########

You're about to initialize a Firebase project in this directory:

  C:\projects\nodejs\nextj-app\my-app

Before we get started, keep in mind:

  * You are currently outside your home directory

[debug] [2024-08-23T16:13:02.937Z] *** [apiv2] error from fetch(https://firebase-public.firebaseio.com/cli.json, {"headers":{},"method":"GET"}): FetchError: request to https://firebase-public.firebaseio.com/cli.json failed, reason: 
[warn] !  Unable to fetch the CLI MOTD and remote config. This is not a fatal error, but may indicate an issue with your network connection. 
[debug] [2024-08-23T16:13:02.939Z] Failed to fetch MOTD FirebaseError: Failed to make request to https://firebase-public.firebaseio.com/cli.json
[info] 
=== Project Setup
[info] 
[info] First, let's associate this project directory with a Firebase project.
[info] You can create multiple project aliases by running firebase use --add, 
[info] but for now we'll just set up a default project.
[info] 
[debug] [2024-08-23T16:15:51.328Z] > refreshing access token with scopes: []
[debug] [2024-08-23T16:15:51.330Z] >>> [apiv2][query] POST https://www.googleapis.com/oauth2/v3/token [none]
[debug] [2024-08-23T16:15:51.330Z] >>> [apiv2][body] POST https://www.googleapis.com/oauth2/v3/token [omitted]
[debug] [2024-08-23T16:15:54.155Z] <<< [apiv2][status] POST https://www.googleapis.com/oauth2/v3/token 200
[debug] [2024-08-23T16:15:54.155Z] <<< [apiv2][body] POST https://www.googleapis.com/oauth2/v3/token [omitted]
[debug] [2024-08-23T16:15:54.182Z] >>> [apiv2][query] GET https://firebase.googleapis.com/v1beta1/projects pageSize=100
[debug] [2024-08-23T16:15:59.931Z] <<< [apiv2][status] GET https://firebase.googleapis.com/v1beta1/projects 200
[debug] [2024-08-23T16:15:59.932Z] <<< [apiv2][body] GET https://firebase.googleapis.com/v1beta1/projects [omitted]
[info] i  Using project dyfk-com (dyfk-com) 
[info] 
=== Database Setup
[info] i  database: ensuring required API firebasedatabase.googleapis.com is enabled... 
[debug] [2024-08-23T16:16:13.033Z] >>> [apiv2][query] GET https://serviceusage.googleapis.com/v1/projects/dyfk-com/services/firebasedatabase.googleapis.com [none]
[debug] [2024-08-23T16:16:13.034Z] >>> [apiv2][(partial)header] GET https://serviceusage.googleapis.com/v1/projects/dyfk-com/services/firebasedatabase.googleapis.com x-goog-quota-user=projects/dyfk-com
[debug] [2024-08-23T16:16:16.058Z] <<< [apiv2][status] GET https://serviceusage.googleapis.com/v1/projects/dyfk-com/services/firebasedatabase.googleapis.com 200
[debug] [2024-08-23T16:16:16.058Z] <<< [apiv2][body] GET https://serviceusage.googleapis.com/v1/projects/dyfk-com/services/firebasedatabase.googleapis.com [omitted]
[warn] !  database: missing required API firebasedatabase.googleapis.com. Enabling now... 
[debug] [2024-08-23T16:16:16.060Z] >>> [apiv2][query] POST https://serviceusage.googleapis.com/v1/projects/dyfk-com/services/firebasedatabase.googleapis.com:enable [none]
[debug] [2024-08-23T16:16:16.061Z] >>> [apiv2][(partial)header] POST https://serviceusage.googleapis.com/v1/projects/dyfk-com/services/firebasedatabase.googleapis.com:enable x-goog-quota-user=projects/dyfk-com
[debug] [2024-08-23T16:16:17.646Z] <<< [apiv2][status] POST https://serviceusage.googleapis.com/v1/projects/dyfk-com/services/firebasedatabase.googleapis.com:enable 200
[debug] [2024-08-23T16:16:17.647Z] <<< [apiv2][body] POST https://serviceusage.googleapis.com/v1/projects/dyfk-com/services/firebasedatabase.googleapis.com:enable [omitted]
[debug] [2024-08-23T16:16:27.664Z] >>> [apiv2][query] GET https://serviceusage.googleapis.com/v1/projects/dyfk-com/services/firebasedatabase.googleapis.com [none]
[debug] [2024-08-23T16:16:27.665Z] >>> [apiv2][(partial)header] GET https://serviceusage.googleapis.com/v1/projects/dyfk-com/services/firebasedatabase.googleapis.com x-goog-quota-user=projects/dyfk-com
[debug] [2024-08-23T16:16:33.431Z] <<< [apiv2][status] GET https://serviceusage.googleapis.com/v1/projects/dyfk-com/services/firebasedatabase.googleapis.com 200
[debug] [2024-08-23T16:16:33.432Z] <<< [apiv2][body] GET https://serviceusage.googleapis.com/v1/projects/dyfk-com/services/firebasedatabase.googleapis.com [omitted]
[info] +  database: required API firebasedatabase.googleapis.com is enabled 
[info] 
[debug] [2024-08-23T16:16:33.448Z] >>> [apiv2][query] GET https://firebase.googleapis.com/v1beta1/projects/dyfk-com [none]
[debug] [2024-08-23T16:16:54.816Z] *** [apiv2] error from fetch(https://firebase.googleapis.com/v1beta1/projects/dyfk-com, {"headers":{},"method":"GET","signal":{}}): FetchError: request to https://firebase.googleapis.com/v1beta1/projects/dyfk-com failed, reason: 
[debug] [2024-08-23T16:16:54.817Z] Failed to make request to https://firebase.googleapis.com/v1beta1/projects/dyfk-com (original: request to https://firebase.googleapis.com/v1beta1/projects/dyfk-com failed, reason: )
[debug] [2024-08-23T16:16:57.860Z] FirebaseError: Failed to make request to https://firebase.googleapis.com/v1beta1/projects/dyfk-com
    at RetryOperation._fn (C:\Users\dilan\AppData\Roaming\npm\node_modules\firebase-tools\lib\apiv2.js:259:31)
    at process.processTicksAndRejections (node:internal/process/task_queues:95:5)
[error] 
[error] Error: Failed to get Firebase project dyfk-com. Please make sure the project exists and your account has permission to access it.
